Using pre-set license
Built from '2020.3/staging' branch; Version is '2020.3.19f1 (68f137dc9bbe) revision 6877495'; Using compiler version '192528614'; Build Type 'Release'
OS: 'Windows 10 Pro; OS build 19043.1165; Version 2009; 64bit' Language: 'ru' Physical Memory: 8072 MB
BatchMode: 1, IsHumanControllingUs: 0, StartBugReporterOnCrash: 0, Is64bit: 1, IsPro: 0

COMMAND LINE ARGUMENTS:
C:\Program Files\Unity\Hub\Editor\2020.3.19f1\Editor\Unity.exe
-adb2
-batchMode
-noUpm
-name
AssetImportWorker0
-projectPath
C:/GitHub/HomeWorkSkillboxNumber9/Homework 9
-logFile
Logs/AssetImportWorker0.log
-srvPort
56924
Successfully changed project path to: C:/GitHub/HomeWorkSkillboxNumber9/Homework 9
C:/GitHub/HomeWorkSkillboxNumber9/Homework 9
Using Asset Import Pipeline V2.
Refreshing native plugins compatible for Editor in 78.00 ms, found 2 plugins.
Preloading 0 native plugins for Editor in 0.00 ms.
Initialize engine version: 2020.3.19f1 (68f137dc9bbe)
[Subsystems] Discovering subsystems at path C:/Program Files/Unity/Hub/Editor/2020.3.19f1/Editor/Data/Resources/UnitySubsystems
[Subsystems] Discovering subsystems at path C:/GitHub/HomeWorkSkillboxNumber9/Homework 9/Assets
GfxDevice: creating device client; threaded=0
Direct3D:
    Version:  Direct3D 11.0 [level 11.0]
    Renderer: Intel(R) HD Graphics 4000 (ID=0x166)
    Vendor:   
    VRAM:     128 MB
    Driver:   10.18.10.5161
Shader Custom/UnlitShadow uses undefined Queue: 'Opaque'
Shader Custom/UnlitShadow uses undefined Queue: 'Opaque'
Initialize mono
Mono path[0] = 'C:/Program Files/Unity/Hub/Editor/2020.3.19f1/Editor/Data/Managed'
Mono path[1] = 'C:/Program Files/Unity/Hub/Editor/2020.3.19f1/Editor/Data/MonoBleedingEdge/lib/mono/unityjit'
Mono config path = 'C:/Program Files/Unity/Hub/Editor/2020.3.19f1/Editor/Data/MonoBleedingEdge/etc'
Using monoOptions --debugger-agent=transport=dt_socket,embedding=1,server=y,suspend=n,address=127.0.0.1:56232
Begin MonoManager ReloadAssembly
Registering precompiled unity dll's ...
Register platform support module: C:/Program Files/Unity/Hub/Editor/2020.3.19f1/Editor/Data/PlaybackEngines/WindowsStandaloneSupport/UnityEditor.WindowsStandalone.Extensions.dll
Registered in 0.003431 seconds.
Native extension for WindowsStandalone target not found
Refreshing native plugins compatible for Editor in 65.53 ms, found 2 plugins.
Preloading 0 native plugins for Editor in 0.00 ms.
Mono: successfully reloaded assembly
- Completed reload, in  2.032 seconds
Domain Reload Profiling:
	ReloadAssembly (2033ms)
		BeginReloadAssembly (111ms)
			ExecutionOrderSort (0ms)
			DisableScriptedObjects (0ms)
			BackupInstance (0ms)
			ReleaseScriptingObjects (0ms)
			CreateAndSetChildDomain (1ms)
		EndReloadAssembly (858ms)
			LoadAssemblies (107ms)
			RebuildTransferFunctionScriptingTraits (0ms)
			SetupTypeCache (356ms)
			ReleaseScriptCaches (0ms)
			RebuildScriptCaches (60ms)
			SetupLoadedEditorAssemblies (305ms)
				LogAssemblyErrors (0ms)
				InitializePlatformSupportModulesInManaged (7ms)
				SetLoadedEditorAssemblies (0ms)
				RefreshPlugins (66ms)
				BeforeProcessingInitializeOnLoad (18ms)
				ProcessInitializeOnLoadAttributes (158ms)
				ProcessInitializeOnLoadMethodAttributes (55ms)
				AfterProcessingInitializeOnLoad (0ms)
				EditorAssembliesLoaded (0ms)
			ExecutionOrderSort2 (0ms)
			AwakeInstancesAfterBackupRestoration (0ms)
Platform modules already initialized, skipping
Registering precompiled user dll's ...
Registered in 0.004563 seconds.
Begin MonoManager ReloadAssembly
Native extension for WindowsStandalone target not found
Refreshing native plugins compatible for Editor in 0.50 ms, found 2 plugins.
Preloading 0 native plugins for Editor in 0.00 ms.
Mono: successfully reloaded assembly
- Completed reload, in  1.813 seconds
Domain Reload Profiling:
	ReloadAssembly (1814ms)
		BeginReloadAssembly (269ms)
			ExecutionOrderSort (0ms)
			DisableScriptedObjects (10ms)
			BackupInstance (0ms)
			ReleaseScriptingObjects (0ms)
			CreateAndSetChildDomain (31ms)
		EndReloadAssembly (1430ms)
			LoadAssemblies (151ms)
			RebuildTransferFunctionScriptingTraits (0ms)
			SetupTypeCache (479ms)
			ReleaseScriptCaches (1ms)
			RebuildScriptCaches (79ms)
			SetupLoadedEditorAssemblies (542ms)
				LogAssemblyErrors (0ms)
				InitializePlatformSupportModulesInManaged (9ms)
				SetLoadedEditorAssemblies (1ms)
				RefreshPlugins (1ms)
				BeforeProcessingInitializeOnLoad (100ms)
				ProcessInitializeOnLoadAttributes (412ms)
				ProcessInitializeOnLoadMethodAttributes (8ms)
				AfterProcessingInitializeOnLoad (11ms)
				EditorAssembliesLoaded (1ms)
			ExecutionOrderSort2 (0ms)
			AwakeInstancesAfterBackupRestoration (14ms)
Platform modules already initialized, skipping
========================================================================
Worker process is ready to serve import requests
Shader Custom/UnlitShadow uses undefined Queue: 'Opaque'
Shader Custom/UnlitShadow uses undefined Queue: 'Opaque'
Launched and connected shader compiler UnityShaderCompiler.exe after 0.06 seconds
Refreshing native plugins compatible for Editor in 51.02 ms, found 2 plugins.
Preloading 0 native plugins for Editor in 0.00 ms.
Unloading 1400 Unused Serialized files (Serialized files now loaded: 0)
System memory in use before: 79.9 MB.
System memory in use after: 80.0 MB.

Unloading 16 unused Assets to reduce memory usage. Loaded Objects now: 1859.
Total: 6.846000 ms (FindLiveObjects: 0.313800 ms CreateObjectMapping: 0.098300 ms MarkObjects: 6.232100 ms  DeleteObjects: 0.198500 ms)

AssetImportParameters requested are different than current active one (requested -> active):
  custom:framework-win-MediaFoundation: 216162199b28c13a410421893ffa2e32 -> 
  custom:video-decoder-ogg-theora: a1e56fd34408186e4bbccfd4996cb3dc -> 
  custom:container-muxer-webm: aa71ff27fc2769a1b78a27578f13a17b -> 
  custom:container-demuxer-webm: 4f35f7cbe854078d1ac9338744f61a02 -> 
  custom:container-demuxer-ogg: 62fdf1f143b41e24485cea50d1cbac27 -> 
  custom:video-encoder-webm-vp8: eb34c28f22e8b96e1ab97ce403110664 -> 
  custom:video-decoder-webm-vp8: 9c59270c3fd7afecdb556c50c9e8de78 -> 
  custom:audio-decoder-ogg-vorbis: bf7c407c2cedff20999df2af8eb42d56 -> 
  custom:audio-encoder-webm-vorbis: bf7c407c2cedff20999df2af8eb42d56 -> 
========================================================================
Received Import Request.
  path: Assets/Prefabs/Glowing Rock Orange 5.prefab
  artifactKey: Guid(ea4a86170de67684896ad78e9f5ec0cd) Importer(815301076,1909f56bfc062723c751e8b465ee728b)
Start importing Assets/Prefabs/Glowing Rock Orange 5.prefab using Guid(ea4a86170de67684896ad78e9f5ec0cd) Importer(815301076,1909f56bfc062723c751e8b465ee728b)  -> (artifact id: 'b63295aaabf3c0b2bd0d99bad9b34a83') in 0.302663 seconds 
  Import took 0.307658 seconds .

========================================================================
Received Import Request.
  Time since last request: 0.130561 seconds.
  path: Assets/Prefabs/Glowing Rock Orange 5 (1).prefab
  artifactKey: Guid(9236205b7a2b87245995646b519c2aed) Importer(815301076,1909f56bfc062723c751e8b465ee728b)
Start importing Assets/Prefabs/Glowing Rock Orange 5 (1).prefab using Guid(9236205b7a2b87245995646b519c2aed) Importer(815301076,1909f56bfc062723c751e8b465ee728b)  -> (artifact id: '69e6e08ab666c8fdcf03e4e485627a79') in 0.021570 seconds 
  Import took 0.026686 seconds .

========================================================================
Received Import Request.
  Time since last request: 198.487458 seconds.
  path: Assets/Materials/MatLeaves01.mat
  artifactKey: Guid(1f1432a2c63151a4e839b37913e5d0fb) Importer(815301076,1909f56bfc062723c751e8b465ee728b)
Start importing Assets/Materials/MatLeaves01.mat using Guid(1f1432a2c63151a4e839b37913e5d0fb) Importer(815301076,1909f56bfc062723c751e8b465ee728b)  -> (artifact id: 'bd25e00e665b4d684e1810f33b8a8072') in 0.055124 seconds 
  Import took 0.060083 seconds .

========================================================================
Received Import Request.
  Time since last request: 59.801119 seconds.
  path: Assets/Scenes/my_awesome_space_demoscene.unity
  artifactKey: Guid(dc54d5ac9c161b74e82d40c85127e859) Importer(815301076,1909f56bfc062723c751e8b465ee728b)
Start importing Assets/Scenes/my_awesome_space_demoscene.unity using Guid(dc54d5ac9c161b74e82d40c85127e859) Importer(815301076,1909f56bfc062723c751e8b465ee728b)  -> (artifact id: '6ffc557f86ac3a1236f8ab3180cb5ace') in 0.003910 seconds 
  Import took 0.008463 seconds .

========================================================================
Received Prepare
Registering precompiled user dll's ...
Registered in 0.005880 seconds.
Begin MonoManager ReloadAssembly
Native extension for WindowsStandalone target not found
Refreshing native plugins compatible for Editor in 0.52 ms, found 2 plugins.
Preloading 0 native plugins for Editor in 0.00 ms.
Mono: successfully reloaded assembly
- Completed reload, in  2.032 seconds
Domain Reload Profiling:
	ReloadAssembly (2032ms)
		BeginReloadAssembly (182ms)
			ExecutionOrderSort (0ms)
			DisableScriptedObjects (8ms)
			BackupInstance (0ms)
			ReleaseScriptingObjects (0ms)
			CreateAndSetChildDomain (48ms)
		EndReloadAssembly (1737ms)
			LoadAssemblies (155ms)
			RebuildTransferFunctionScriptingTraits (0ms)
			SetupTypeCache (501ms)
			ReleaseScriptCaches (1ms)
			RebuildScriptCaches (107ms)
			SetupLoadedEditorAssemblies (527ms)
				LogAssemblyErrors (0ms)
				InitializePlatformSupportModulesInManaged (9ms)
				SetLoadedEditorAssemblies (1ms)
				RefreshPlugins (1ms)
				BeforeProcessingInitializeOnLoad (93ms)
				ProcessInitializeOnLoadAttributes (403ms)
				ProcessInitializeOnLoadMethodAttributes (8ms)
				AfterProcessingInitializeOnLoad (11ms)
				EditorAssembliesLoaded (0ms)
			ExecutionOrderSort2 (0ms)
			AwakeInstancesAfterBackupRestoration (13ms)
Platform modules already initialized, skipping
Shader Custom/UnlitShadow uses undefined Queue: 'Opaque'
Shader Custom/UnlitShadow uses undefined Queue: 'Opaque'
Refreshing native plugins compatible for Editor in 0.79 ms, found 2 plugins.
Preloading 0 native plugins for Editor in 0.00 ms.
Unloading 1391 Unused Serialized files (Serialized files now loaded: 0)
System memory in use before: 82.8 MB.
System memory in use after: 82.9 MB.

Unloading 11 unused Assets to reduce memory usage. Loaded Objects now: 1901.
Total: 6.627100 ms (FindLiveObjects: 0.338500 ms CreateObjectMapping: 0.101400 ms MarkObjects: 6.146800 ms  DeleteObjects: 0.036400 ms)

AssetImportParameters requested are different than current active one (requested -> active):
  custom:framework-win-MediaFoundation: 216162199b28c13a410421893ffa2e32 -> 
  custom:video-decoder-ogg-theora: a1e56fd34408186e4bbccfd4996cb3dc -> 
  custom:container-muxer-webm: aa71ff27fc2769a1b78a27578f13a17b -> 
  custom:container-demuxer-webm: 4f35f7cbe854078d1ac9338744f61a02 -> 
  custom:container-demuxer-ogg: 62fdf1f143b41e24485cea50d1cbac27 -> 
  custom:video-encoder-webm-vp8: eb34c28f22e8b96e1ab97ce403110664 -> 
  custom:video-decoder-webm-vp8: 9c59270c3fd7afecdb556c50c9e8de78 -> 
  custom:audio-decoder-ogg-vorbis: bf7c407c2cedff20999df2af8eb42d56 -> 
  custom:audio-encoder-webm-vorbis: bf7c407c2cedff20999df2af8eb42d56 -> 
========================================================================
Received Prepare
Registering precompiled user dll's ...
Registered in 0.005330 seconds.
Begin MonoManager ReloadAssembly
Native extension for WindowsStandalone target not found
Refreshing native plugins compatible for Editor in 0.52 ms, found 2 plugins.
Preloading 0 native plugins for Editor in 0.00 ms.
Mono: successfully reloaded assembly
- Completed reload, in  1.755 seconds
Domain Reload Profiling:
	ReloadAssembly (1756ms)
		BeginReloadAssembly (194ms)
			ExecutionOrderSort (0ms)
			DisableScriptedObjects (8ms)
			BackupInstance (0ms)
			ReleaseScriptingObjects (0ms)
			CreateAndSetChildDomain (50ms)
		EndReloadAssembly (1447ms)
			LoadAssemblies (166ms)
			RebuildTransferFunctionScriptingTraits (0ms)
			SetupTypeCache (532ms)
			ReleaseScriptCaches (1ms)
			RebuildScriptCaches (76ms)
			SetupLoadedEditorAssemblies (500ms)
				LogAssemblyErrors (0ms)
				InitializePlatformSupportModulesInManaged (10ms)
				SetLoadedEditorAssemblies (1ms)
				RefreshPlugins (1ms)
				BeforeProcessingInitializeOnLoad (90ms)
				ProcessInitializeOnLoadAttributes (379ms)
				ProcessInitializeOnLoadMethodAttributes (8ms)
				AfterProcessingInitializeOnLoad (11ms)
				EditorAssembliesLoaded (1ms)
			ExecutionOrderSort2 (0ms)
			AwakeInstancesAfterBackupRestoration (12ms)
Platform modules already initialized, skipping
Shader Custom/UnlitShadow uses undefined Queue: 'Opaque'
Shader Custom/UnlitShadow uses undefined Queue: 'Opaque'
Refreshing native plugins compatible for Editor in 0.78 ms, found 2 plugins.
Preloading 0 native plugins for Editor in 0.00 ms.
Unloading 1391 Unused Serialized files (Serialized files now loaded: 0)
System memory in use before: 82.8 MB.
System memory in use after: 82.9 MB.

Unloading 11 unused Assets to reduce memory usage. Loaded Objects now: 1903.
Total: 7.258700 ms (FindLiveObjects: 0.334600 ms CreateObjectMapping: 0.102000 ms MarkObjects: 6.757200 ms  DeleteObjects: 0.060800 ms)

AssetImportParameters requested are different than current active one (requested -> active):
  custom:framework-win-MediaFoundation: 216162199b28c13a410421893ffa2e32 -> 
  custom:video-decoder-ogg-theora: a1e56fd34408186e4bbccfd4996cb3dc -> 
  custom:container-muxer-webm: aa71ff27fc2769a1b78a27578f13a17b -> 
  custom:container-demuxer-webm: 4f35f7cbe854078d1ac9338744f61a02 -> 
  custom:container-demuxer-ogg: 62fdf1f143b41e24485cea50d1cbac27 -> 
  custom:video-encoder-webm-vp8: eb34c28f22e8b96e1ab97ce403110664 -> 
  custom:video-decoder-webm-vp8: 9c59270c3fd7afecdb556c50c9e8de78 -> 
  custom:audio-decoder-ogg-vorbis: bf7c407c2cedff20999df2af8eb42d56 -> 
  custom:audio-encoder-webm-vorbis: bf7c407c2cedff20999df2af8eb42d56 -> 
========================================================================
Received Import Request.
  Time since last request: 1402.992582 seconds.
  path: Assets/Toon Forest free set/sqript
  artifactKey: Guid(cbe79d89e1b3c964fa60edd3f04f2588) Importer(815301076,1909f56bfc062723c751e8b465ee728b)
Start importing Assets/Toon Forest free set/sqript using Guid(cbe79d89e1b3c964fa60edd3f04f2588) Importer(815301076,1909f56bfc062723c751e8b465ee728b)  -> (artifact id: 'f363f0f01c1a969012d3d2139534e31d') in 0.006463 seconds 
  Import took 0.011155 seconds .

========================================================================
Received Import Request.
  Time since last request: 0.005710 seconds.
  path: Assets/Lowpoly Forest Pack/Sources2D
  artifactKey: Guid(828f7379faffd7a4ab66578887872445) Importer(815301076,1909f56bfc062723c751e8b465ee728b)
Start importing Assets/Lowpoly Forest Pack/Sources2D using Guid(828f7379faffd7a4ab66578887872445) Importer(815301076,1909f56bfc062723c751e8b465ee728b)  -> (artifact id: 'bf98dd74e9511ecccbe6e1a85ec73023') in 0.002997 seconds 
  Import took 0.007101 seconds .

========================================================================
Received Import Request.
  Time since last request: 0.035863 seconds.
  path: Assets/Toon Forest free set/sqript/custom2.shader
  artifactKey: Guid(3ac7079fcd3ff6941833ee77a23a245d) Importer(815301076,1909f56bfc062723c751e8b465ee728b)
Start importing Assets/Toon Forest free set/sqript/custom2.shader using Guid(3ac7079fcd3ff6941833ee77a23a245d) Importer(815301076,1909f56bfc062723c751e8b465ee728b)  -> (artifact id: '8b3f1e06a7f5ff91f4fc4c7e0248dfcb') in 0.020994 seconds 
  Import took 0.024558 seconds .

========================================================================
Received Import Request.
  Time since last request: 0.111927 seconds.
  path: Assets/Lowpoly Forest Pack/Sources2D/Textures2D
  artifactKey: Guid(4ec57be40a228bf45adcaf3863cc37cd) Importer(815301076,1909f56bfc062723c751e8b465ee728b)
Start importing Assets/Lowpoly Forest Pack/Sources2D/Textures2D using Guid(4ec57be40a228bf45adcaf3863cc37cd) Importer(815301076,1909f56bfc062723c751e8b465ee728b)  -> (artifact id: '2f4661649e1e364faeaae2ae62f3183e') in 0.002500 seconds 
  Import took 0.005996 seconds .

========================================================================
Received Import Request.
  Time since last request: 0.042542 seconds.
  path: Assets/Toon Forest free set/scene
  artifactKey: Guid(6bd16c669c0c55045baa109c860d848f) Importer(815301076,1909f56bfc062723c751e8b465ee728b)
Start importing Assets/Toon Forest free set/scene using Guid(6bd16c669c0c55045baa109c860d848f) Importer(815301076,1909f56bfc062723c751e8b465ee728b)  -> (artifact id: '2ab9fa04495675f71dcebe24458db126') in 0.002528 seconds 
  Import took 0.006290 seconds .

========================================================================
Received Import Request.
  Time since last request: 0.005370 seconds.
  path: Assets/Lowpoly Forest Pack/Sources2D/Materials2D
  artifactKey: Guid(ed17fd41d4fb61f4f9d79b0e1317afe5) Importer(815301076,1909f56bfc062723c751e8b465ee728b)
Start importing Assets/Lowpoly Forest Pack/Sources2D/Materials2D using Guid(ed17fd41d4fb61f4f9d79b0e1317afe5) Importer(815301076,1909f56bfc062723c751e8b465ee728b)  -> (artifact id: 'fd08c5b5a350033ed196a5a4f06a298c') in 0.002443 seconds 
  Import took 0.006026 seconds .

========================================================================
Received Import Request.
  Time since last request: 0.120807 seconds.
  path: Assets/Low Poly Space Rocks/Components/Textures
  artifactKey: Guid(e2aa804c59a3970428c5579b1f770af3) Importer(815301076,1909f56bfc062723c751e8b465ee728b)
Start importing Assets/Low Poly Space Rocks/Components/Textures using Guid(e2aa804c59a3970428c5579b1f770af3) Importer(815301076,1909f56bfc062723c751e8b465ee728b)  -> (artifact id: '38769a4cefa44418cc34b604e32d0e65') in 0.002404 seconds 
  Import took 0.005846 seconds .

========================================================================
Received Import Request.
  Time since last request: 0.034912 seconds.
  path: Assets/Low Poly Space Rocks/Components/Meshes
  artifactKey: Guid(fa0d998680f4df548ab1781c6af73535) Importer(815301076,1909f56bfc062723c751e8b465ee728b)
Start importing Assets/Low Poly Space Rocks/Components/Meshes using Guid(fa0d998680f4df548ab1781c6af73535) Importer(815301076,1909f56bfc062723c751e8b465ee728b)  -> (artifact id: '62e61eb0dd4d3a1c0298c9d022745afb') in 0.002410 seconds 
  Import took 0.006110 seconds .

========================================================================
Received Import Request.
  Time since last request: 0.003524 seconds.
  path: Assets/Toon Forest free set/Read me(En.Jp).txt
  artifactKey: Guid(c90b43d674821244f80f44f5e5935172) Importer(815301076,1909f56bfc062723c751e8b465ee728b)
Start importing Assets/Toon Forest free set/Read me(En.Jp).txt using Guid(c90b43d674821244f80f44f5e5935172) Importer(815301076,1909f56bfc062723c751e8b465ee728b)  -> (artifact id: '4051f81dd02482bc76140df4bd8388f1') in 0.009601 seconds 
  Import took 0.013188 seconds .

========================================================================
Received Import Request.
  Time since last request: 0.022293 seconds.
  path: Assets/Lowpoly Forest Pack/Sources/Meshes
  artifactKey: Guid(e0987c3efe0a46445bb58877208ec964) Importer(815301076,1909f56bfc062723c751e8b465ee728b)
Start importing Assets/Lowpoly Forest Pack/Sources/Meshes using Guid(e0987c3efe0a46445bb58877208ec964) Importer(815301076,1909f56bfc062723c751e8b465ee728b)  -> (artifact id: '4eaa4600d36f887cb0149b42f5911a40') in 0.002397 seconds 
  Import took 0.005913 seconds .

========================================================================
Received Import Request.
  Time since last request: 0.006199 seconds.
  path: Assets/Lowpoly Forest Pack
  artifactKey: Guid(a19da236d6f84ec448ff64407ff1c668) Importer(815301076,1909f56bfc062723c751e8b465ee728b)
Start importing Assets/Lowpoly Forest Pack using Guid(a19da236d6f84ec448ff64407ff1c668) Importer(815301076,1909f56bfc062723c751e8b465ee728b)  -> (artifact id: 'e684bd68457243fd044cc0962e432a1d') in 0.002362 seconds 
  Import took 0.006001 seconds .

========================================================================
Received Import Request.
  Time since last request: 0.033621 seconds.
  path: Assets/Scenes/my_awesome_space_demoscene.unity
  artifactKey: Guid(dc54d5ac9c161b74e82d40c85127e859) Importer(815301076,1909f56bfc062723c751e8b465ee728b)
Start importing Assets/Scenes/my_awesome_space_demoscene.unity using Guid(dc54d5ac9c161b74e82d40c85127e859) Importer(815301076,1909f56bfc062723c751e8b465ee728b)  -> (artifact id: 'df9b9da220aac7f06b6ed9ca975a948c') in 0.002656 seconds 
  Import took 0.006291 seconds .

========================================================================
Received Import Request.
  Time since last request: 0.049524 seconds.
  path: Assets/Low Poly Space Rocks
  artifactKey: Guid(1d63524ffe2b08348894a5ed40a3af69) Importer(815301076,1909f56bfc062723c751e8b465ee728b)
Start importing Assets/Low Poly Space Rocks using Guid(1d63524ffe2b08348894a5ed40a3af69) Importer(815301076,1909f56bfc062723c751e8b465ee728b)  -> (artifact id: '5336644f96a0902b00f03439c7e70667') in 0.002297 seconds 
  Import took 0.005896 seconds .

========================================================================
Received Import Request.
  Time since last request: 0.046015 seconds.
  path: Assets/Toon Forest free set/sqript/custom3.shader
  artifactKey: Guid(729000afcb17fdf488d0403fd20032bf) Importer(815301076,1909f56bfc062723c751e8b465ee728b)
Start importing Assets/Toon Forest free set/sqript/custom3.shader using Guid(729000afcb17fdf488d0403fd20032bf) Importer(815301076,1909f56bfc062723c751e8b465ee728b)  -> (artifact id: '7f06921babf61a364b7ffeb25ff68038') in 0.002697 seconds 
  Import took 0.006248 seconds .

========================================================================
Received Import Request.
  Time since last request: 0.053957 seconds.
  path: Assets/Toon Forest free set/sqript/custom.shader
  artifactKey: Guid(f8937083c54237f46b93423b750a7807) Importer(815301076,1909f56bfc062723c751e8b465ee728b)
Start importing Assets/Toon Forest free set/sqript/custom.shader using Guid(f8937083c54237f46b93423b750a7807) Importer(815301076,1909f56bfc062723c751e8b465ee728b)  -> (artifact id: 'c01fac95332cfbb5f10028e14df0afe6') in 0.002777 seconds 
  Import took 0.006246 seconds .

========================================================================
Received Import Request.
  Time since last request: 0.028581 seconds.
  path: Assets/Lowpoly Forest Pack/Sources
  artifactKey: Guid(3c22c918951cbd343b489b0191f55840) Importer(815301076,1909f56bfc062723c751e8b465ee728b)
Start importing Assets/Lowpoly Forest Pack/Sources using Guid(3c22c918951cbd343b489b0191f55840) Importer(815301076,1909f56bfc062723c751e8b465ee728b)  -> (artifact id: 'f855e378eb60675b3f165299d25ee750') in 0.002473 seconds 
  Import took 0.005958 seconds .

AssetImportWorkerClient::OnTransportError - code=2 error=End of file
